date: 2014-03-13 11:04:50.613
argv: node /home/findslowly/.nvm/v0.10.26/bin/hexo s
os: Linux 3.13.5 linux ia32
version:
  hexo: 2.4.5
  http_parser: 1.0
  node: 0.10.26
  v8: 3.14.5.9
  ares: 1.9.0-DEV
  uv: 0.10.25
  zlib: 1.2.3
  modules: 11
  openssl: 1.0.1e
---

[debug] 11:04:50.442 Configuration file load successfully
[debug] 11:04:50.445 Version info checked successfully
[debug] 11:04:50.482 Loading database.
[debug] 11:04:50.520 Theme layout loaded
[debug] 11:04:50.544 Theme source loaded
[debug] 11:04:50.550 Theme configuration loaded
[debug] 11:04:50.557 Theme language files loaded
[debug] 11:04:50.581 Processed: about/index.md
[debug] 11:04:50.583 Processed: marathon/index.md
[debug] 11:04:50.584 Processed: _posts/happy-20th-birthday.md
[debug] 11:04:50.584 Processed: _posts/last-semester.md
[debug] 11:04:50.589 Cache saved
[error] 11:04:50.606 Error: listen EADDRINUSE
Error: listen EADDRINUSE
    at errnoException (net.js:904:11)
    at Server._listen2 (net.js:1042:14)
    at listen (net.js:1064:10)
    at Server.listen (net.js:1138:5)
    at Function.app.listen (/home/findslowly/.nvm/v0.10.26/lib/node_modules/hexo/node_modules/express/lib/application.js:533:24)
    at /home/findslowly/.nvm/v0.10.26/lib/node_modules/hexo/lib/plugins/console/server.js:86:9
    at /home/findslowly/.nvm/v0.10.26/lib/node_modules/hexo/lib/post/load.js:67:7
    at /home/findslowly/.nvm/v0.10.26/lib/node_modules/hexo/node_modules/async/lib/async.js:116:25
    at /home/findslowly/.nvm/v0.10.26/lib/node_modules/hexo/node_modules/async/lib/async.js:24:16
    at exports.post (/home/findslowly/.nvm/v0.10.26/lib/node_modules/hexo/lib/plugins/generator/asset.js:50:3)
